<?xml version="1.0" encoding="UTF-8"?>
<!-- Generated by org.testng.reporters.JUnitReportReporter -->
<testsuite hostname="DDC5-D-187N803" name="testcases.TestB" tests="1" failures="0" timestamp="17 Jan 2020 07:26:13 GMT" time="2.013" errors="0">
  <testcase name="testB" time="2.013" classname="testcases.TestB"/>
</testsuite> <!-- testcases.TestB -->
